[2021-05-13 15:16:02.287] [exthost] [info] extension host started
[2021-05-13 15:16:02.345] [exthost] [info] ExtensionService#_doActivateExtension vscode.microsoft-authentication {"startup":false,"extensionId":{"value":"vscode.microsoft-authentication","_lower":"vscode.microsoft-authentication"},"activationEvent":"onAuthenticationRequest:microsoft"}
[2021-05-13 15:16:02.346] [exthost] [info] ExtensionService#loadCommonJSModule file:///snap/code/64/usr/share/code/resources/app/extensions/microsoft-authentication/dist/extension.js
[2021-05-13 15:16:02.376] [exthost] [info] ExtensionService#_doActivateExtension vscode.debug-auto-launch {"startup":true,"extensionId":{"value":"vscode.debug-auto-launch","_lower":"vscode.debug-auto-launch"},"activationEvent":"*"}
[2021-05-13 15:16:02.376] [exthost] [info] ExtensionService#loadCommonJSModule file:///snap/code/64/usr/share/code/resources/app/extensions/debug-auto-launch/dist/extension
[2021-05-13 15:16:02.380] [exthost] [info] ExtensionService#_doActivateExtension vscode.git {"startup":true,"extensionId":{"value":"vscode.github","_lower":"vscode.github"},"activationEvent":"*"}
[2021-05-13 15:16:02.380] [exthost] [info] ExtensionService#loadCommonJSModule file:///snap/code/64/usr/share/code/resources/app/extensions/git/dist/main
[2021-05-13 15:16:02.550] [exthost] [info] ExtensionService#_doActivateExtension vscode.github {"startup":true,"extensionId":{"value":"vscode.github","_lower":"vscode.github"},"activationEvent":"*"}
[2021-05-13 15:16:02.550] [exthost] [info] ExtensionService#loadCommonJSModule file:///snap/code/64/usr/share/code/resources/app/extensions/github/dist/extension.js
[2021-05-13 15:16:02.607] [exthost] [info] eager extensions activated
[2021-05-13 15:16:02.610] [exthost] [info] ExtensionService#_doActivateExtension ms-vscode.js-debug {"startup":false,"extensionId":{"value":"ms-vscode.js-debug","_lower":"ms-vscode.js-debug"},"activationEvent":"onCommand:extension.js-debug.clearAutoAttachVariables"}
[2021-05-13 15:16:02.610] [exthost] [info] ExtensionService#loadCommonJSModule file:///snap/code/64/usr/share/code/resources/app/extensions/ms-vscode.js-debug/src/extension.js
[2021-05-13 15:16:02.887] [exthost] [info] ExtensionService#_doActivateExtension vscode.emmet {"startup":false,"extensionId":{"value":"vscode.emmet","_lower":"vscode.emmet"},"activationEvent":"onStartupFinished"}
[2021-05-13 15:16:02.887] [exthost] [info] ExtensionService#loadCommonJSModule file:///snap/code/64/usr/share/code/resources/app/extensions/emmet/dist/node/emmetNodeMain
[2021-05-13 15:16:02.904] [exthost] [info] ExtensionService#_doActivateExtension vscode.merge-conflict {"startup":false,"extensionId":{"value":"vscode.merge-conflict","_lower":"vscode.merge-conflict"},"activationEvent":"onStartupFinished"}
[2021-05-13 15:16:02.904] [exthost] [info] ExtensionService#loadCommonJSModule file:///snap/code/64/usr/share/code/resources/app/extensions/merge-conflict/dist/mergeConflictMain
[2021-05-13 15:16:02.908] [exthost] [info] ExtensionService#_doActivateExtension vscode.testing-editor-contributions {"startup":false,"extensionId":{"value":"vscode.testing-editor-contributions","_lower":"vscode.testing-editor-contributions"},"activationEvent":"onStartupFinished"}
[2021-05-13 15:16:02.908] [exthost] [info] ExtensionService#loadCommonJSModule file:///snap/code/64/usr/share/code/resources/app/extensions/testing-editor-contributions/dist/extension.js
[2021-05-13 15:16:02.970] [exthost] [info] ExtensionService#_doActivateExtension vscode.github-authentication {"startup":false,"extensionId":{"value":"vscode.github-authentication","_lower":"vscode.github-authentication"},"activationEvent":"onAuthenticationRequest:github"}
[2021-05-13 15:16:02.970] [exthost] [info] ExtensionService#loadCommonJSModule file:///snap/code/64/usr/share/code/resources/app/extensions/github-authentication/dist/extension.js
[2021-05-13 15:16:33.156] [exthost] [info] extension host terminating: received terminate message from renderer
[2021-05-13 15:16:34.164] [exthost] [info] exiting with code 0
[2021-05-13 15:16:35.565] [exthost] [info] extension host started
[2021-05-13 15:16:35.643] [exthost] [info] ExtensionService#_doActivateExtension vscode.microsoft-authentication {"startup":false,"extensionId":{"value":"vscode.microsoft-authentication","_lower":"vscode.microsoft-authentication"},"activationEvent":"onAuthenticationRequest:microsoft"}
[2021-05-13 15:16:35.643] [exthost] [info] ExtensionService#loadCommonJSModule file:///snap/code/64/usr/share/code/resources/app/extensions/microsoft-authentication/dist/extension.js
[2021-05-13 15:16:35.654] [exthost] [info] ExtensionService#_doActivateExtension vscode.debug-auto-launch {"startup":true,"extensionId":{"value":"vscode.debug-auto-launch","_lower":"vscode.debug-auto-launch"},"activationEvent":"*"}
[2021-05-13 15:16:35.654] [exthost] [info] ExtensionService#loadCommonJSModule file:///snap/code/64/usr/share/code/resources/app/extensions/debug-auto-launch/dist/extension
[2021-05-13 15:16:35.658] [exthost] [info] ExtensionService#_doActivateExtension vscode.git {"startup":true,"extensionId":{"value":"vscode.github","_lower":"vscode.github"},"activationEvent":"*"}
[2021-05-13 15:16:35.658] [exthost] [info] ExtensionService#loadCommonJSModule file:///snap/code/64/usr/share/code/resources/app/extensions/git/dist/main
[2021-05-13 15:16:35.680] [exthost] [info] ExtensionService#_doActivateExtension vscode.npm {"startup":true,"extensionId":{"value":"vscode.npm","_lower":"vscode.npm"},"activationEvent":"workspaceContains:package.json"}
[2021-05-13 15:16:35.680] [exthost] [info] ExtensionService#loadCommonJSModule file:///snap/code/64/usr/share/code/resources/app/extensions/npm/dist/npmMain
[2021-05-13 15:16:35.839] [exthost] [info] ExtensionService#_doActivateExtension vscode.github {"startup":true,"extensionId":{"value":"vscode.github","_lower":"vscode.github"},"activationEvent":"*"}
[2021-05-13 15:16:35.840] [exthost] [info] ExtensionService#loadCommonJSModule file:///snap/code/64/usr/share/code/resources/app/extensions/github/dist/extension.js
[2021-05-13 15:16:35.956] [exthost] [warning] [Decorations] CAPPING events from decorations provider vscode.git 264
[2021-05-13 15:16:35.981] [exthost] [info] ExtensionService#_doActivateExtension ms-vscode.js-debug {"startup":false,"extensionId":{"value":"ms-vscode.js-debug","_lower":"ms-vscode.js-debug"},"activationEvent":"onCommand:extension.js-debug.clearAutoAttachVariables"}
[2021-05-13 15:16:35.981] [exthost] [info] ExtensionService#loadCommonJSModule file:///snap/code/64/usr/share/code/resources/app/extensions/ms-vscode.js-debug/src/extension.js
[2021-05-13 15:16:36.405] [exthost] [info] ExtensionService#_doActivateExtension vscode.github-authentication {"startup":false,"extensionId":{"value":"vscode.github-authentication","_lower":"vscode.github-authentication"},"activationEvent":"onAuthenticationRequest:github"}
[2021-05-13 15:16:36.405] [exthost] [info] ExtensionService#loadCommonJSModule file:///snap/code/64/usr/share/code/resources/app/extensions/github-authentication/dist/extension.js
[2021-05-13 15:16:36.427] [exthost] [info] eager extensions activated
[2021-05-13 15:16:36.525] [exthost] [info] ExtensionService#_doActivateExtension vscode.emmet {"startup":false,"extensionId":{"value":"vscode.emmet","_lower":"vscode.emmet"},"activationEvent":"onStartupFinished"}
[2021-05-13 15:16:36.525] [exthost] [info] ExtensionService#loadCommonJSModule file:///snap/code/64/usr/share/code/resources/app/extensions/emmet/dist/node/emmetNodeMain
[2021-05-13 15:16:36.533] [exthost] [info] ExtensionService#_doActivateExtension vscode.merge-conflict {"startup":false,"extensionId":{"value":"vscode.merge-conflict","_lower":"vscode.merge-conflict"},"activationEvent":"onStartupFinished"}
[2021-05-13 15:16:36.533] [exthost] [info] ExtensionService#loadCommonJSModule file:///snap/code/64/usr/share/code/resources/app/extensions/merge-conflict/dist/mergeConflictMain
[2021-05-13 15:16:36.536] [exthost] [info] ExtensionService#_doActivateExtension vscode.testing-editor-contributions {"startup":false,"extensionId":{"value":"vscode.testing-editor-contributions","_lower":"vscode.testing-editor-contributions"},"activationEvent":"onStartupFinished"}
[2021-05-13 15:16:36.536] [exthost] [info] ExtensionService#loadCommonJSModule file:///snap/code/64/usr/share/code/resources/app/extensions/testing-editor-contributions/dist/extension.js
[2021-05-13 15:16:38.875] [exthost] [warning] [Decorations] CAPPING events from decorations provider vscode.git 265
[2021-05-13 15:16:43.948] [exthost] [warning] [Decorations] CAPPING events from decorations provider vscode.git 273
[2021-05-13 15:16:50.255] [exthost] [warning] [Decorations] CAPPING events from decorations provider vscode.git 308
[2021-05-13 15:16:59.561] [exthost] [warning] [Decorations] CAPPING events from decorations provider vscode.git 308
[2021-05-13 15:17:04.631] [exthost] [warning] [Decorations] CAPPING events from decorations provider vscode.git 309
[2021-05-13 15:17:09.694] [exthost] [warning] [Decorations] CAPPING events from decorations provider vscode.git 309
[2021-05-13 15:17:14.765] [exthost] [warning] [Decorations] CAPPING events from decorations provider vscode.git 311
[2021-05-13 16:09:22.254] [exthost] [warning] [Decorations] CAPPING events from decorations provider vscode.git 313
[2021-05-13 16:09:24.686] [exthost] [info] ExtensionService#_doActivateExtension vscode.configuration-editing {"startup":false,"extensionId":{"value":"vscode.configuration-editing","_lower":"vscode.configuration-editing"},"activationEvent":"onLanguage:json"}
[2021-05-13 16:09:24.687] [exthost] [info] ExtensionService#loadCommonJSModule file:///snap/code/64/usr/share/code/resources/app/extensions/configuration-editing/dist/configurationEditingMain
[2021-05-13 16:09:24.707] [exthost] [info] ExtensionService#_doActivateExtension vscode.extension-editing {"startup":false,"extensionId":{"value":"vscode.extension-editing","_lower":"vscode.extension-editing"},"activationEvent":"onLanguage:json"}
[2021-05-13 16:09:24.707] [exthost] [info] ExtensionService#loadCommonJSModule file:///snap/code/64/usr/share/code/resources/app/extensions/extension-editing/dist/extensionEditingMain
[2021-05-13 16:09:24.739] [exthost] [info] ExtensionService#_doActivateExtension vscode.json-language-features {"startup":false,"extensionId":{"value":"vscode.json-language-features","_lower":"vscode.json-language-features"},"activationEvent":"onLanguage:json"}
[2021-05-13 16:09:24.739] [exthost] [info] ExtensionService#loadCommonJSModule file:///snap/code/64/usr/share/code/resources/app/extensions/json-language-features/client/dist/node/jsonClientMain
[2021-05-13 16:09:25.819] [exthost] [info] ExtensionService#_doActivateExtension vscode.typescript-language-features {"startup":false,"extensionId":{"value":"vscode.typescript-language-features","_lower":"vscode.typescript-language-features"},"activationEvent":"onLanguage:jsonc"}
[2021-05-13 16:09:25.819] [exthost] [info] ExtensionService#loadCommonJSModule file:///snap/code/64/usr/share/code/resources/app/extensions/typescript-language-features/dist/extension
[2021-05-13 16:09:27.323] [exthost] [warning] [Decorations] CAPPING events from decorations provider vscode.git 313
[2021-05-13 16:09:32.397] [exthost] [warning] [Decorations] CAPPING events from decorations provider vscode.git 313
[2021-05-13 16:09:37.470] [exthost] [warning] [Decorations] CAPPING events from decorations provider vscode.git 315
[2021-05-13 16:09:42.543] [exthost] [warning] [Decorations] CAPPING events from decorations provider vscode.git 317
[2021-05-13 16:09:47.611] [exthost] [warning] [Decorations] CAPPING events from decorations provider vscode.git 317
[2021-05-13 16:09:52.675] [exthost] [warning] [Decorations] CAPPING events from decorations provider vscode.git 317
[2021-05-13 16:09:57.747] [exthost] [warning] [Decorations] CAPPING events from decorations provider vscode.git 317
[2021-05-13 16:10:02.815] [exthost] [warning] [Decorations] CAPPING events from decorations provider vscode.git 317
[2021-05-13 16:10:07.892] [exthost] [warning] [Decorations] CAPPING events from decorations provider vscode.git 317
[2021-05-13 16:10:12.962] [exthost] [warning] [Decorations] CAPPING events from decorations provider vscode.git 317
[2021-05-13 16:10:18.028] [exthost] [warning] [Decorations] CAPPING events from decorations provider vscode.git 317
[2021-05-13 16:10:23.092] [exthost] [warning] [Decorations] CAPPING events from decorations provider vscode.git 317
[2021-05-13 16:10:28.158] [exthost] [warning] [Decorations] CAPPING events from decorations provider vscode.git 317
[2021-05-13 16:10:33.223] [exthost] [warning] [Decorations] CAPPING events from decorations provider vscode.git 317
[2021-05-13 16:10:38.300] [exthost] [warning] [Decorations] CAPPING events from decorations provider vscode.git 317
[2021-05-13 16:10:43.370] [exthost] [warning] [Decorations] CAPPING events from decorations provider vscode.git 317
[2021-05-13 16:10:48.450] [exthost] [warning] [Decorations] CAPPING events from decorations provider vscode.git 317
[2021-05-13 16:10:53.527] [exthost] [warning] [Decorations] CAPPING events from decorations provider vscode.git 317
[2021-05-13 16:10:58.603] [exthost] [warning] [Decorations] CAPPING events from decorations provider vscode.git 317
[2021-05-13 16:11:03.676] [exthost] [warning] [Decorations] CAPPING events from decorations provider vscode.git 317
[2021-05-13 16:11:08.753] [exthost] [warning] [Decorations] CAPPING events from decorations provider vscode.git 317
[2021-05-13 16:11:13.826] [exthost] [warning] [Decorations] CAPPING events from decorations provider vscode.git 317
[2021-05-13 16:11:18.902] [exthost] [warning] [Decorations] CAPPING events from decorations provider vscode.git 317
[2021-05-13 16:11:23.974] [exthost] [warning] [Decorations] CAPPING events from decorations provider vscode.git 317
[2021-05-13 16:11:29.048] [exthost] [warning] [Decorations] CAPPING events from decorations provider vscode.git 317
[2021-05-13 16:11:34.120] [exthost] [warning] [Decorations] CAPPING events from decorations provider vscode.git 317
[2021-05-13 16:11:39.184] [exthost] [warning] [Decorations] CAPPING events from decorations provider vscode.git 317
[2021-05-13 16:11:44.250] [exthost] [warning] [Decorations] CAPPING events from decorations provider vscode.git 317
[2021-05-13 16:11:49.332] [exthost] [warning] [Decorations] CAPPING events from decorations provider vscode.git 317
[2021-05-13 16:11:54.402] [exthost] [warning] [Decorations] CAPPING events from decorations provider vscode.git 317
[2021-05-13 16:11:59.464] [exthost] [warning] [Decorations] CAPPING events from decorations provider vscode.git 317
[2021-05-13 16:12:04.534] [exthost] [warning] [Decorations] CAPPING events from decorations provider vscode.git 317
[2021-05-13 16:12:09.613] [exthost] [warning] [Decorations] CAPPING events from decorations provider vscode.git 317
[2021-05-13 16:12:14.687] [exthost] [warning] [Decorations] CAPPING events from decorations provider vscode.git 317
[2021-05-13 16:12:19.773] [exthost] [warning] [Decorations] CAPPING events from decorations provider vscode.git 317
[2021-05-13 16:12:24.847] [exthost] [warning] [Decorations] CAPPING events from decorations provider vscode.git 317
[2021-05-13 16:12:29.920] [exthost] [warning] [Decorations] CAPPING events from decorations provider vscode.git 317
[2021-05-13 16:12:34.986] [exthost] [warning] [Decorations] CAPPING events from decorations provider vscode.git 317
[2021-05-13 16:12:40.051] [exthost] [warning] [Decorations] CAPPING events from decorations provider vscode.git 317
[2021-05-13 16:12:45.125] [exthost] [warning] [Decorations] CAPPING events from decorations provider vscode.git 317
[2021-05-13 16:12:50.205] [exthost] [warning] [Decorations] CAPPING events from decorations provider vscode.git 317
[2021-05-13 16:12:55.270] [exthost] [warning] [Decorations] CAPPING events from decorations provider vscode.git 317
[2021-05-13 16:13:00.342] [exthost] [warning] [Decorations] CAPPING events from decorations provider vscode.git 317
[2021-05-13 16:13:05.408] [exthost] [warning] [Decorations] CAPPING events from decorations provider vscode.git 317
[2021-05-13 16:13:10.475] [exthost] [warning] [Decorations] CAPPING events from decorations provider vscode.git 317
[2021-05-13 16:13:15.538] [exthost] [warning] [Decorations] CAPPING events from decorations provider vscode.git 317
[2021-05-13 16:13:20.614] [exthost] [warning] [Decorations] CAPPING events from decorations provider vscode.git 317
[2021-05-13 16:13:25.685] [exthost] [warning] [Decorations] CAPPING events from decorations provider vscode.git 317
[2021-05-13 16:13:30.754] [exthost] [warning] [Decorations] CAPPING events from decorations provider vscode.git 317
[2021-05-13 16:13:35.813] [exthost] [warning] [Decorations] CAPPING events from decorations provider vscode.git 317
[2021-05-13 16:13:40.879] [exthost] [warning] [Decorations] CAPPING events from decorations provider vscode.git 317
[2021-05-13 16:13:45.951] [exthost] [warning] [Decorations] CAPPING events from decorations provider vscode.git 317
[2021-05-13 16:13:51.027] [exthost] [warning] [Decorations] CAPPING events from decorations provider vscode.git 317
[2021-05-13 16:13:56.102] [exthost] [warning] [Decorations] CAPPING events from decorations provider vscode.git 317
[2021-05-13 16:14:01.171] [exthost] [warning] [Decorations] CAPPING events from decorations provider vscode.git 317
[2021-05-13 16:14:06.237] [exthost] [warning] [Decorations] CAPPING events from decorations provider vscode.git 317
[2021-05-13 16:14:11.305] [exthost] [warning] [Decorations] CAPPING events from decorations provider vscode.git 317
[2021-05-13 16:14:16.375] [exthost] [warning] [Decorations] CAPPING events from decorations provider vscode.git 317
[2021-05-13 16:14:41.846] [exthost] [warning] [Decorations] CAPPING events from decorations provider vscode.git 317
[2021-05-13 16:14:46.917] [exthost] [warning] [Decorations] CAPPING events from decorations provider vscode.git 317
[2021-05-13 16:14:51.984] [exthost] [warning] [Decorations] CAPPING events from decorations provider vscode.git 318
[2021-05-13 16:15:28.982] [exthost] [warning] [Decorations] CAPPING events from decorations provider vscode.git 318
[2021-05-13 16:15:34.052] [exthost] [warning] [Decorations] CAPPING events from decorations provider vscode.git 318
[2021-05-13 16:15:39.122] [exthost] [warning] [Decorations] CAPPING events from decorations provider vscode.git 318
[2021-05-13 16:15:44.191] [exthost] [warning] [Decorations] CAPPING events from decorations provider vscode.git 318
[2021-05-13 16:15:49.260] [exthost] [warning] [Decorations] CAPPING events from decorations provider vscode.git 318
[2021-05-13 16:15:54.331] [exthost] [warning] [Decorations] CAPPING events from decorations provider vscode.git 318
[2021-05-13 16:15:59.400] [exthost] [warning] [Decorations] CAPPING events from decorations provider vscode.git 318
[2021-05-13 16:16:11.535] [exthost] [warning] [Decorations] CAPPING events from decorations provider vscode.git 318
[2021-05-13 16:16:16.605] [exthost] [warning] [Decorations] CAPPING events from decorations provider vscode.git 318
[2021-05-13 16:16:28.047] [exthost] [warning] [Decorations] CAPPING events from decorations provider vscode.git 318
[2021-05-13 16:16:37.475] [exthost] [warning] [Decorations] CAPPING events from decorations provider vscode.git 318
[2021-05-13 16:16:42.547] [exthost] [warning] [Decorations] CAPPING events from decorations provider vscode.git 318
[2021-05-13 16:16:50.242] [exthost] [warning] [Decorations] CAPPING events from decorations provider vscode.git 318
[2021-05-13 16:16:55.311] [exthost] [warning] [Decorations] CAPPING events from decorations provider vscode.git 318
[2021-05-13 16:17:04.690] [exthost] [warning] [Decorations] CAPPING events from decorations provider vscode.git 318
[2021-05-13 16:17:09.762] [exthost] [warning] [Decorations] CAPPING events from decorations provider vscode.git 318
[2021-05-13 16:18:10.204] [exthost] [warning] [Decorations] CAPPING events from decorations provider vscode.git 318
[2021-05-13 16:18:15.269] [exthost] [warning] [Decorations] CAPPING events from decorations provider vscode.git 318
[2021-05-13 16:18:20.334] [exthost] [warning] [Decorations] CAPPING events from decorations provider vscode.git 317
[2021-05-13 16:18:25.399] [exthost] [warning] [Decorations] CAPPING events from decorations provider vscode.git 317
[2021-05-13 16:18:30.471] [exthost] [warning] [Decorations] CAPPING events from decorations provider vscode.git 317
[2021-05-13 16:18:35.540] [exthost] [warning] [Decorations] CAPPING events from decorations provider vscode.git 317
[2021-05-13 16:18:40.610] [exthost] [warning] [Decorations] CAPPING events from decorations provider vscode.git 317
[2021-05-13 16:18:45.682] [exthost] [warning] [Decorations] CAPPING events from decorations provider vscode.git 317
[2021-05-13 16:18:50.755] [exthost] [warning] [Decorations] CAPPING events from decorations provider vscode.git 317
[2021-05-13 16:18:55.827] [exthost] [warning] [Decorations] CAPPING events from decorations provider vscode.git 317
[2021-05-13 16:19:00.890] [exthost] [warning] [Decorations] CAPPING events from decorations provider vscode.git 317
[2021-05-13 16:19:05.959] [exthost] [warning] [Decorations] CAPPING events from decorations provider vscode.git 317
[2021-05-13 16:19:11.026] [exthost] [warning] [Decorations] CAPPING events from decorations provider vscode.git 317
[2021-05-13 16:19:16.091] [exthost] [warning] [Decorations] CAPPING events from decorations provider vscode.git 317
[2021-05-13 16:19:21.164] [exthost] [warning] [Decorations] CAPPING events from decorations provider vscode.git 317
[2021-05-13 16:19:26.235] [exthost] [warning] [Decorations] CAPPING events from decorations provider vscode.git 317
[2021-05-13 16:19:31.307] [exthost] [warning] [Decorations] CAPPING events from decorations provider vscode.git 317
[2021-05-13 16:19:36.385] [exthost] [warning] [Decorations] CAPPING events from decorations provider vscode.git 317
[2021-05-13 16:19:41.456] [exthost] [warning] [Decorations] CAPPING events from decorations provider vscode.git 317
[2021-05-13 16:19:46.526] [exthost] [warning] [Decorations] CAPPING events from decorations provider vscode.git 317
[2021-05-13 16:19:51.608] [exthost] [warning] [Decorations] CAPPING events from decorations provider vscode.git 317
[2021-05-13 16:19:56.673] [exthost] [warning] [Decorations] CAPPING events from decorations provider vscode.git 317
[2021-05-13 16:20:01.744] [exthost] [warning] [Decorations] CAPPING events from decorations provider vscode.git 317
[2021-05-13 16:20:06.821] [exthost] [warning] [Decorations] CAPPING events from decorations provider vscode.git 317
[2021-05-13 16:20:11.892] [exthost] [warning] [Decorations] CAPPING events from decorations provider vscode.git 317
[2021-05-13 16:20:16.959] [exthost] [warning] [Decorations] CAPPING events from decorations provider vscode.git 317
[2021-05-13 16:20:22.023] [exthost] [warning] [Decorations] CAPPING events from decorations provider vscode.git 317
[2021-05-13 16:20:27.086] [exthost] [warning] [Decorations] CAPPING events from decorations provider vscode.git 317
[2021-05-13 16:20:32.153] [exthost] [warning] [Decorations] CAPPING events from decorations provider vscode.git 317
[2021-05-13 16:20:37.222] [exthost] [warning] [Decorations] CAPPING events from decorations provider vscode.git 317
[2021-05-13 16:20:42.293] [exthost] [warning] [Decorations] CAPPING events from decorations provider vscode.git 317
[2021-05-13 16:20:47.361] [exthost] [warning] [Decorations] CAPPING events from decorations provider vscode.git 317
[2021-05-13 16:20:52.428] [exthost] [warning] [Decorations] CAPPING events from decorations provider vscode.git 317
[2021-05-13 16:20:57.501] [exthost] [warning] [Decorations] CAPPING events from decorations provider vscode.git 317
[2021-05-13 16:21:02.578] [exthost] [warning] [Decorations] CAPPING events from decorations provider vscode.git 317
[2021-05-13 16:21:07.652] [exthost] [warning] [Decorations] CAPPING events from decorations provider vscode.git 317
[2021-05-13 16:21:12.729] [exthost] [warning] [Decorations] CAPPING events from decorations provider vscode.git 317
[2021-05-13 16:21:17.804] [exthost] [warning] [Decorations] CAPPING events from decorations provider vscode.git 317
[2021-05-13 16:21:22.875] [exthost] [warning] [Decorations] CAPPING events from decorations provider vscode.git 317
[2021-05-13 16:21:27.954] [exthost] [warning] [Decorations] CAPPING events from decorations provider vscode.git 317
[2021-05-13 16:21:33.017] [exthost] [warning] [Decorations] CAPPING events from decorations provider vscode.git 317
[2021-05-13 16:21:38.082] [exthost] [warning] [Decorations] CAPPING events from decorations provider vscode.git 317
[2021-05-13 16:21:43.148] [exthost] [warning] [Decorations] CAPPING events from decorations provider vscode.git 317
[2021-05-13 16:21:48.221] [exthost] [warning] [Decorations] CAPPING events from decorations provider vscode.git 317
[2021-05-13 16:21:53.294] [exthost] [warning] [Decorations] CAPPING events from decorations provider vscode.git 317
[2021-05-13 16:21:58.372] [exthost] [warning] [Decorations] CAPPING events from decorations provider vscode.git 317
[2021-05-13 16:22:03.446] [exthost] [warning] [Decorations] CAPPING events from decorations provider vscode.git 317
[2021-05-13 16:22:08.521] [exthost] [warning] [Decorations] CAPPING events from decorations provider vscode.git 317
[2021-05-13 16:22:13.591] [exthost] [warning] [Decorations] CAPPING events from decorations provider vscode.git 317
[2021-05-13 16:22:18.663] [exthost] [warning] [Decorations] CAPPING events from decorations provider vscode.git 317
[2021-05-13 16:22:23.729] [exthost] [warning] [Decorations] CAPPING events from decorations provider vscode.git 317
[2021-05-13 16:22:28.808] [exthost] [warning] [Decorations] CAPPING events from decorations provider vscode.git 317
[2021-05-13 16:22:33.878] [exthost] [warning] [Decorations] CAPPING events from decorations provider vscode.git 317
[2021-05-13 16:22:38.942] [exthost] [warning] [Decorations] CAPPING events from decorations provider vscode.git 317
[2021-05-13 16:22:44.013] [exthost] [warning] [Decorations] CAPPING events from decorations provider vscode.git 317
[2021-05-13 16:22:49.082] [exthost] [warning] [Decorations] CAPPING events from decorations provider vscode.git 317
[2021-05-13 16:22:54.144] [exthost] [warning] [Decorations] CAPPING events from decorations provider vscode.git 317
[2021-05-13 16:22:59.218] [exthost] [warning] [Decorations] CAPPING events from decorations provider vscode.git 317
[2021-05-13 16:23:04.290] [exthost] [warning] [Decorations] CAPPING events from decorations provider vscode.git 317
[2021-05-13 16:23:09.366] [exthost] [warning] [Decorations] CAPPING events from decorations provider vscode.git 317
[2021-05-13 16:23:14.441] [exthost] [warning] [Decorations] CAPPING events from decorations provider vscode.git 317
[2021-05-13 16:23:19.517] [exthost] [warning] [Decorations] CAPPING events from decorations provider vscode.git 317
[2021-05-13 16:23:24.586] [exthost] [warning] [Decorations] CAPPING events from decorations provider vscode.git 317
[2021-05-13 16:23:29.666] [exthost] [warning] [Decorations] CAPPING events from decorations provider vscode.git 317
[2021-05-13 16:23:34.730] [exthost] [warning] [Decorations] CAPPING events from decorations provider vscode.git 317
[2021-05-13 16:23:39.800] [exthost] [warning] [Decorations] CAPPING events from decorations provider vscode.git 317
[2021-05-13 16:23:44.868] [exthost] [warning] [Decorations] CAPPING events from decorations provider vscode.git 317
[2021-05-13 16:23:49.930] [exthost] [warning] [Decorations] CAPPING events from decorations provider vscode.git 317
[2021-05-13 16:23:55.002] [exthost] [warning] [Decorations] CAPPING events from decorations provider vscode.git 317
[2021-05-13 16:24:00.074] [exthost] [warning] [Decorations] CAPPING events from decorations provider vscode.git 317
[2021-05-13 16:24:05.143] [exthost] [warning] [Decorations] CAPPING events from decorations provider vscode.git 317
[2021-05-13 16:24:10.232] [exthost] [warning] [Decorations] CAPPING events from decorations provider vscode.git 317
[2021-05-13 16:24:15.306] [exthost] [warning] [Decorations] CAPPING events from decorations provider vscode.git 317
[2021-05-13 16:25:06.063] [exthost] [warning] [Decorations] CAPPING events from decorations provider vscode.git 317
[2021-05-13 16:25:11.137] [exthost] [warning] [Decorations] CAPPING events from decorations provider vscode.git 317
[2021-05-13 16:25:16.206] [exthost] [warning] [Decorations] CAPPING events from decorations provider vscode.git 318
[2021-05-13 16:25:21.275] [exthost] [warning] [Decorations] CAPPING events from decorations provider vscode.git 318
[2021-05-13 16:25:26.344] [exthost] [warning] [Decorations] CAPPING events from decorations provider vscode.git 318
[2021-05-13 16:25:31.419] [exthost] [warning] [Decorations] CAPPING events from decorations provider vscode.git 318
[2021-05-13 16:25:36.491] [exthost] [warning] [Decorations] CAPPING events from decorations provider vscode.git 318
[2021-05-13 16:25:49.274] [exthost] [warning] [Decorations] CAPPING events from decorations provider vscode.git 318
[2021-05-13 16:25:54.350] [exthost] [warning] [Decorations] CAPPING events from decorations provider vscode.git 318
[2021-05-13 16:26:08.439] [exthost] [warning] [Decorations] CAPPING events from decorations provider vscode.git 318
[2021-05-13 16:26:13.502] [exthost] [warning] [Decorations] CAPPING events from decorations provider vscode.git 318
[2021-05-13 16:26:18.577] [exthost] [warning] [Decorations] CAPPING events from decorations provider vscode.git 318
[2021-05-13 16:27:32.034] [exthost] [warning] [Decorations] CAPPING events from decorations provider vscode.git 317
[2021-05-13 16:27:37.110] [exthost] [warning] [Decorations] CAPPING events from decorations provider vscode.git 317
[2021-05-13 16:27:42.186] [exthost] [warning] [Decorations] CAPPING events from decorations provider vscode.git 317
[2021-05-13 16:27:47.259] [exthost] [warning] [Decorations] CAPPING events from decorations provider vscode.git 317
[2021-05-13 16:27:59.636] [exthost] [warning] [Decorations] CAPPING events from decorations provider vscode.git 317
[2021-05-13 16:28:04.712] [exthost] [warning] [Decorations] CAPPING events from decorations provider vscode.git 317
[2021-05-13 16:28:09.777] [exthost] [warning] [Decorations] CAPPING events from decorations provider vscode.git 317
[2021-05-13 16:28:17.263] [exthost] [warning] [Decorations] CAPPING events from decorations provider vscode.git 317
[2021-05-13 16:28:22.333] [exthost] [warning] [Decorations] CAPPING events from decorations provider vscode.git 317
[2021-05-13 16:28:27.416] [exthost] [warning] [Decorations] CAPPING events from decorations provider vscode.git 317
[2021-05-13 16:28:32.490] [exthost] [warning] [Decorations] CAPPING events from decorations provider vscode.git 317
[2021-05-13 16:28:37.563] [exthost] [warning] [Decorations] CAPPING events from decorations provider vscode.git 317
[2021-05-13 16:28:42.635] [exthost] [warning] [Decorations] CAPPING events from decorations provider vscode.git 317
[2021-05-13 16:28:55.542] [exthost] [warning] [Decorations] CAPPING events from decorations provider vscode.git 317
[2021-05-13 16:29:00.620] [exthost] [warning] [Decorations] CAPPING events from decorations provider vscode.git 317
[2021-05-13 16:29:05.694] [exthost] [warning] [Decorations] CAPPING events from decorations provider vscode.git 317
[2021-05-13 16:29:10.752] [exthost] [warning] [Decorations] CAPPING events from decorations provider vscode.git 317
[2021-05-13 16:29:15.818] [exthost] [warning] [Decorations] CAPPING events from decorations provider vscode.git 317
[2021-05-13 16:29:20.891] [exthost] [warning] [Decorations] CAPPING events from decorations provider vscode.git 317
[2021-05-13 16:29:25.963] [exthost] [warning] [Decorations] CAPPING events from decorations provider vscode.git 317
[2021-05-13 16:29:37.048] [exthost] [warning] [Decorations] CAPPING events from decorations provider vscode.git 317
[2021-05-13 16:29:42.123] [exthost] [warning] [Decorations] CAPPING events from decorations provider vscode.git 317
[2021-05-13 16:29:47.191] [exthost] [warning] [Decorations] CAPPING events from decorations provider vscode.git 317
[2021-05-13 16:29:52.264] [exthost] [warning] [Decorations] CAPPING events from decorations provider vscode.git 317
[2021-05-13 16:29:57.335] [exthost] [warning] [Decorations] CAPPING events from decorations provider vscode.git 317
[2021-05-13 16:30:02.411] [exthost] [warning] [Decorations] CAPPING events from decorations provider vscode.git 317
[2021-05-13 16:30:07.480] [exthost] [warning] [Decorations] CAPPING events from decorations provider vscode.git 317
[2021-05-13 16:30:12.550] [exthost] [warning] [Decorations] CAPPING events from decorations provider vscode.git 317
[2021-05-13 16:30:17.625] [exthost] [warning] [Decorations] CAPPING events from decorations provider vscode.git 317
[2021-05-13 16:30:22.704] [exthost] [warning] [Decorations] CAPPING events from decorations provider vscode.git 317
[2021-05-13 16:30:27.784] [exthost] [warning] [Decorations] CAPPING events from decorations provider vscode.git 317
[2021-05-13 16:30:32.859] [exthost] [warning] [Decorations] CAPPING events from decorations provider vscode.git 317
[2021-05-13 16:30:37.927] [exthost] [warning] [Decorations] CAPPING events from decorations provider vscode.git 317
[2021-05-13 16:30:42.998] [exthost] [warning] [Decorations] CAPPING events from decorations provider vscode.git 317
[2021-05-13 16:30:48.066] [exthost] [warning] [Decorations] CAPPING events from decorations provider vscode.git 317
[2021-05-13 16:31:15.818] [exthost] [warning] [Decorations] CAPPING events from decorations provider vscode.git 317
[2021-05-13 16:31:24.678] [exthost] [warning] [Decorations] CAPPING events from decorations provider vscode.git 317
[2021-05-13 16:31:29.754] [exthost] [warning] [Decorations] CAPPING events from decorations provider vscode.git 317
[2021-05-13 16:31:34.818] [exthost] [warning] [Decorations] CAPPING events from decorations provider vscode.git 316
[2021-05-13 16:31:39.889] [exthost] [warning] [Decorations] CAPPING events from decorations provider vscode.git 316
[2021-05-13 16:31:44.950] [exthost] [warning] [Decorations] CAPPING events from decorations provider vscode.git 316
[2021-05-13 16:31:53.861] [exthost] [warning] [Decorations] CAPPING events from decorations provider vscode.git 316
[2021-05-13 16:31:58.933] [exthost] [warning] [Decorations] CAPPING events from decorations provider vscode.git 316
[2021-05-13 16:32:04.004] [exthost] [warning] [Decorations] CAPPING events from decorations provider vscode.git 316
[2021-05-13 16:32:09.076] [exthost] [warning] [Decorations] CAPPING events from decorations provider vscode.git 316
[2021-05-13 16:32:14.148] [exthost] [warning] [Decorations] CAPPING events from decorations provider vscode.git 314
[2021-05-13 16:32:19.213] [exthost] [warning] [Decorations] CAPPING events from decorations provider vscode.git 314
[2021-05-13 16:32:24.275] [exthost] [warning] [Decorations] CAPPING events from decorations provider vscode.git 314
[2021-05-13 16:32:29.345] [exthost] [warning] [Decorations] CAPPING events from decorations provider vscode.git 314
[2021-05-13 16:32:49.616] [exthost] [warning] [Decorations] CAPPING events from decorations provider vscode.git 314
[2021-05-13 16:32:54.683] [exthost] [warning] [Decorations] CAPPING events from decorations provider vscode.git 314
[2021-05-13 16:32:59.948] [exthost] [warning] [Decorations] CAPPING events from decorations provider vscode.git 317
[2021-05-13 16:33:05.049] [exthost] [warning] [Decorations] CAPPING events from decorations provider vscode.git 317
[2021-05-13 16:33:10.120] [exthost] [warning] [Decorations] CAPPING events from decorations provider vscode.git 316
[2021-05-13 16:33:17.317] [exthost] [warning] [Decorations] CAPPING events from decorations provider vscode.git 316
[2021-05-13 16:33:22.388] [exthost] [warning] [Decorations] CAPPING events from decorations provider vscode.git 316
[2021-05-13 16:33:46.979] [exthost] [warning] [Decorations] CAPPING events from decorations provider vscode.git 316
[2021-05-13 16:33:52.047] [exthost] [warning] [Decorations] CAPPING events from decorations provider vscode.git 317
[2021-05-13 16:33:57.115] [exthost] [warning] [Decorations] CAPPING events from decorations provider vscode.git 317
[2021-05-13 16:34:02.188] [exthost] [warning] [Decorations] CAPPING events from decorations provider vscode.git 317
[2021-05-13 16:34:07.269] [exthost] [warning] [Decorations] CAPPING events from decorations provider vscode.git 317
[2021-05-13 16:34:12.365] [exthost] [warning] [Decorations] CAPPING events from decorations provider vscode.git 317
[2021-05-13 16:34:52.226] [exthost] [warning] [Decorations] CAPPING events from decorations provider vscode.git 317
[2021-05-13 16:34:57.304] [exthost] [warning] [Decorations] CAPPING events from decorations provider vscode.git 316
[2021-05-13 16:36:10.504] [exthost] [warning] [Decorations] CAPPING events from decorations provider vscode.git 325
[2021-05-13 16:36:15.572] [exthost] [warning] [Decorations] CAPPING events from decorations provider vscode.git 325
[2021-05-13 16:36:20.644] [exthost] [warning] [Decorations] CAPPING events from decorations provider vscode.git 326
[2021-05-13 16:36:25.716] [exthost] [warning] [Decorations] CAPPING events from decorations provider vscode.git 326
[2021-05-13 16:36:30.785] [exthost] [warning] [Decorations] CAPPING events from decorations provider vscode.git 326
[2021-05-13 16:36:35.851] [exthost] [warning] [Decorations] CAPPING events from decorations provider vscode.git 326
[2021-05-13 16:36:46.360] [exthost] [warning] [Decorations] CAPPING events from decorations provider vscode.git 326
[2021-05-13 16:36:51.430] [exthost] [warning] [Decorations] CAPPING events from decorations provider vscode.git 326
[2021-05-13 16:36:56.492] [exthost] [warning] [Decorations] CAPPING events from decorations provider vscode.git 326
[2021-05-13 16:37:01.562] [exthost] [warning] [Decorations] CAPPING events from decorations provider vscode.git 326
[2021-05-13 16:37:06.630] [exthost] [warning] [Decorations] CAPPING events from decorations provider vscode.git 326
[2021-05-13 16:37:11.706] [exthost] [warning] [Decorations] CAPPING events from decorations provider vscode.git 326
[2021-05-13 16:37:16.781] [exthost] [warning] [Decorations] CAPPING events from decorations provider vscode.git 326
[2021-05-13 16:37:21.862] [exthost] [warning] [Decorations] CAPPING events from decorations provider vscode.git 326
[2021-05-13 16:37:26.939] [exthost] [warning] [Decorations] CAPPING events from decorations provider vscode.git 326
[2021-05-13 16:37:32.006] [exthost] [warning] [Decorations] CAPPING events from decorations provider vscode.git 326
[2021-05-13 16:37:37.078] [exthost] [warning] [Decorations] CAPPING events from decorations provider vscode.git 326
[2021-05-13 16:38:30.248] [exthost] [warning] [Decorations] CAPPING events from decorations provider vscode.git 326
[2021-05-13 16:38:35.324] [exthost] [warning] [Decorations] CAPPING events from decorations provider vscode.git 326
[2021-05-13 16:39:25.631] [exthost] [warning] [Decorations] CAPPING events from decorations provider vscode.git 326
[2021-05-13 16:39:30.709] [exthost] [warning] [Decorations] CAPPING events from decorations provider vscode.git 326
[2021-05-13 16:39:35.785] [exthost] [warning] [Decorations] CAPPING events from decorations provider vscode.git 326
[2021-05-13 16:39:40.854] [exthost] [warning] [Decorations] CAPPING events from decorations provider vscode.git 327
[2021-05-13 16:39:45.925] [exthost] [warning] [Decorations] CAPPING events from decorations provider vscode.git 327
[2021-05-13 16:39:50.991] [exthost] [warning] [Decorations] CAPPING events from decorations provider vscode.git 327
[2021-05-13 16:39:56.071] [exthost] [warning] [Decorations] CAPPING events from decorations provider vscode.git 327
[2021-05-13 16:40:01.144] [exthost] [warning] [Decorations] CAPPING events from decorations provider vscode.git 327
[2021-05-13 16:40:06.218] [exthost] [warning] [Decorations] CAPPING events from decorations provider vscode.git 327
[2021-05-13 16:40:11.299] [exthost] [warning] [Decorations] CAPPING events from decorations provider vscode.git 327
[2021-05-13 16:40:43.361] [exthost] [warning] [Decorations] CAPPING events from decorations provider vscode.git 327
[2021-05-13 16:40:48.443] [exthost] [warning] [Decorations] CAPPING events from decorations provider vscode.git 327
[2021-05-13 16:40:54.591] [exthost] [warning] [Decorations] CAPPING events from decorations provider vscode.git 327
[2021-05-13 16:40:59.678] [exthost] [warning] [Decorations] CAPPING events from decorations provider vscode.git 327
[2021-05-13 16:41:17.720] [exthost] [warning] [Decorations] CAPPING events from decorations provider vscode.git 327
[2021-05-13 16:41:22.793] [exthost] [warning] [Decorations] CAPPING events from decorations provider vscode.git 327
[2021-05-13 16:41:27.862] [exthost] [warning] [Decorations] CAPPING events from decorations provider vscode.git 327
[2021-05-13 16:41:32.932] [exthost] [warning] [Decorations] CAPPING events from decorations provider vscode.git 327
[2021-05-13 16:41:38.008] [exthost] [warning] [Decorations] CAPPING events from decorations provider vscode.git 327
[2021-05-13 16:41:43.083] [exthost] [warning] [Decorations] CAPPING events from decorations provider vscode.git 327
[2021-05-13 16:41:48.158] [exthost] [warning] [Decorations] CAPPING events from decorations provider vscode.git 327
[2021-05-13 16:41:53.232] [exthost] [warning] [Decorations] CAPPING events from decorations provider vscode.git 327
[2021-05-13 16:42:07.148] [exthost] [warning] [Decorations] CAPPING events from decorations provider vscode.git 327
[2021-05-13 16:42:12.226] [exthost] [warning] [Decorations] CAPPING events from decorations provider vscode.git 327
[2021-05-13 16:42:17.291] [exthost] [warning] [Decorations] CAPPING events from decorations provider vscode.git 327
[2021-05-13 16:42:22.396] [exthost] [warning] [Decorations] CAPPING events from decorations provider vscode.git 327
[2021-05-13 16:42:52.747] [exthost] [warning] [Decorations] CAPPING events from decorations provider vscode.git 327
[2021-05-13 16:42:57.828] [exthost] [warning] [Decorations] CAPPING events from decorations provider vscode.git 327
[2021-05-13 16:43:07.411] [exthost] [warning] [Decorations] CAPPING events from decorations provider vscode.git 327
[2021-05-13 16:43:12.488] [exthost] [warning] [Decorations] CAPPING events from decorations provider vscode.git 327
[2021-05-13 16:43:21.138] [exthost] [warning] [Decorations] CAPPING events from decorations provider vscode.git 327
[2021-05-13 16:43:26.208] [exthost] [warning] [Decorations] CAPPING events from decorations provider vscode.git 327
[2021-05-13 16:43:31.278] [exthost] [warning] [Decorations] CAPPING events from decorations provider vscode.git 327
[2021-05-13 16:43:36.350] [exthost] [warning] [Decorations] CAPPING events from decorations provider vscode.git 327
[2021-05-13 16:43:41.419] [exthost] [warning] [Decorations] CAPPING events from decorations provider vscode.git 327
[2021-05-13 16:43:46.494] [exthost] [warning] [Decorations] CAPPING events from decorations provider vscode.git 327
[2021-05-13 16:43:51.566] [exthost] [warning] [Decorations] CAPPING events from decorations provider vscode.git 327
[2021-05-13 16:43:56.644] [exthost] [warning] [Decorations] CAPPING events from decorations provider vscode.git 327
[2021-05-13 16:44:01.720] [exthost] [warning] [Decorations] CAPPING events from decorations provider vscode.git 327
[2021-05-13 16:44:06.794] [exthost] [warning] [Decorations] CAPPING events from decorations provider vscode.git 327
[2021-05-13 16:44:29.941] [exthost] [warning] [Decorations] CAPPING events from decorations provider vscode.git 327
[2021-05-13 16:44:35.020] [exthost] [warning] [Decorations] CAPPING events from decorations provider vscode.git 327
[2021-05-13 16:44:40.108] [exthost] [warning] [Decorations] CAPPING events from decorations provider vscode.git 327
[2021-05-13 16:44:45.185] [exthost] [warning] [Decorations] CAPPING events from decorations provider vscode.git 327
[2021-05-13 16:44:50.260] [exthost] [warning] [Decorations] CAPPING events from decorations provider vscode.git 327
[2021-05-13 16:44:55.332] [exthost] [warning] [Decorations] CAPPING events from decorations provider vscode.git 327
[2021-05-13 16:45:24.380] [exthost] [warning] [Decorations] CAPPING events from decorations provider vscode.git 327
[2021-05-13 16:45:29.459] [exthost] [warning] [Decorations] CAPPING events from decorations provider vscode.git 327
[2021-05-13 16:45:34.530] [exthost] [warning] [Decorations] CAPPING events from decorations provider vscode.git 327
[2021-05-13 16:45:39.604] [exthost] [warning] [Decorations] CAPPING events from decorations provider vscode.git 327
[2021-05-13 16:45:44.696] [exthost] [warning] [Decorations] CAPPING events from decorations provider vscode.git 327
[2021-05-13 16:45:49.777] [exthost] [warning] [Decorations] CAPPING events from decorations provider vscode.git 327
[2021-05-13 16:46:40.790] [exthost] [warning] [Decorations] CAPPING events from decorations provider vscode.git 327
[2021-05-13 16:46:45.863] [exthost] [warning] [Decorations] CAPPING events from decorations provider vscode.git 327
[2021-05-13 16:46:51.678] [exthost] [warning] [Decorations] CAPPING events from decorations provider vscode.git 327
[2021-05-13 16:46:56.765] [exthost] [warning] [Decorations] CAPPING events from decorations provider vscode.git 327
[2021-05-13 16:47:01.845] [exthost] [warning] [Decorations] CAPPING events from decorations provider vscode.git 327
[2021-05-13 16:47:13.031] [exthost] [warning] [Decorations] CAPPING events from decorations provider vscode.git 327
[2021-05-13 16:47:18.117] [exthost] [warning] [Decorations] CAPPING events from decorations provider vscode.git 327
[2021-05-13 16:47:23.199] [exthost] [warning] [Decorations] CAPPING events from decorations provider vscode.git 327
[2021-05-13 16:47:31.096] [exthost] [warning] [Decorations] CAPPING events from decorations provider vscode.git 327
[2021-05-13 16:47:36.178] [exthost] [warning] [Decorations] CAPPING events from decorations provider vscode.git 327
[2021-05-13 16:47:41.254] [exthost] [warning] [Decorations] CAPPING events from decorations provider vscode.git 327
[2021-05-13 16:47:46.326] [exthost] [warning] [Decorations] CAPPING events from decorations provider vscode.git 327
[2021-05-13 16:47:51.402] [exthost] [warning] [Decorations] CAPPING events from decorations provider vscode.git 327
[2021-05-13 16:47:56.476] [exthost] [warning] [Decorations] CAPPING events from decorations provider vscode.git 327
[2021-05-13 16:48:03.862] [exthost] [warning] [Decorations] CAPPING events from decorations provider vscode.git 327
[2021-05-13 16:48:08.935] [exthost] [warning] [Decorations] CAPPING events from decorations provider vscode.git 327
[2021-05-13 16:48:14.005] [exthost] [warning] [Decorations] CAPPING events from decorations provider vscode.git 327
[2021-05-13 16:48:19.087] [exthost] [warning] [Decorations] CAPPING events from decorations provider vscode.git 327
[2021-05-13 16:48:24.172] [exthost] [warning] [Decorations] CAPPING events from decorations provider vscode.git 327
[2021-05-13 16:48:29.256] [exthost] [warning] [Decorations] CAPPING events from decorations provider vscode.git 327
[2021-05-13 16:48:34.327] [exthost] [warning] [Decorations] CAPPING events from decorations provider vscode.git 327
[2021-05-13 16:48:39.411] [exthost] [warning] [Decorations] CAPPING events from decorations provider vscode.git 327
[2021-05-13 16:48:44.490] [exthost] [warning] [Decorations] CAPPING events from decorations provider vscode.git 327
[2021-05-13 16:48:49.562] [exthost] [warning] [Decorations] CAPPING events from decorations provider vscode.git 327
[2021-05-13 16:48:54.647] [exthost] [warning] [Decorations] CAPPING events from decorations provider vscode.git 327
[2021-05-13 16:48:59.711] [exthost] [warning] [Decorations] CAPPING events from decorations provider vscode.git 327
[2021-05-13 16:49:04.773] [exthost] [warning] [Decorations] CAPPING events from decorations provider vscode.git 327
[2021-05-13 17:01:18.050] [exthost] [warning] [Decorations] CAPPING events from decorations provider vscode.git 327
[2021-05-13 17:01:23.127] [exthost] [warning] [Decorations] CAPPING events from decorations provider vscode.git 327
[2021-05-13 17:01:28.201] [exthost] [warning] [Decorations] CAPPING events from decorations provider vscode.git 327
[2021-05-13 17:01:33.273] [exthost] [warning] [Decorations] CAPPING events from decorations provider vscode.git 327
[2021-05-13 17:01:38.338] [exthost] [warning] [Decorations] CAPPING events from decorations provider vscode.git 327
[2021-05-13 17:01:43.414] [exthost] [warning] [Decorations] CAPPING events from decorations provider vscode.git 327
[2021-05-13 17:01:48.486] [exthost] [warning] [Decorations] CAPPING events from decorations provider vscode.git 327
[2021-05-13 17:01:53.561] [exthost] [warning] [Decorations] CAPPING events from decorations provider vscode.git 327
[2021-05-13 17:01:58.636] [exthost] [warning] [Decorations] CAPPING events from decorations provider vscode.git 327
[2021-05-13 17:02:03.709] [exthost] [warning] [Decorations] CAPPING events from decorations provider vscode.git 327
[2021-05-13 17:02:08.789] [exthost] [warning] [Decorations] CAPPING events from decorations provider vscode.git 327
[2021-05-13 17:02:13.858] [exthost] [warning] [Decorations] CAPPING events from decorations provider vscode.git 327
[2021-05-13 17:02:18.929] [exthost] [warning] [Decorations] CAPPING events from decorations provider vscode.git 327
[2021-05-13 17:03:04.899] [exthost] [warning] [Decorations] CAPPING events from decorations provider vscode.git 327
[2021-05-13 17:03:09.963] [exthost] [warning] [Decorations] CAPPING events from decorations provider vscode.git 327
[2021-05-13 17:03:15.037] [exthost] [warning] [Decorations] CAPPING events from decorations provider vscode.git 327
[2021-05-13 17:03:20.112] [exthost] [warning] [Decorations] CAPPING events from decorations provider vscode.git 327
[2021-05-14 08:59:57.526] [exthost] [warning] [Decorations] CAPPING events from decorations provider vscode.git 327
[2021-05-14 09:40:13.158] [exthost] [warning] [Decorations] CAPPING events from decorations provider vscode.git 327
[2021-05-14 09:40:18.229] [exthost] [warning] [Decorations] CAPPING events from decorations provider vscode.git 327
[2021-05-14 09:40:23.303] [exthost] [warning] [Decorations] CAPPING events from decorations provider vscode.git 327
[2021-05-14 09:40:28.536] [exthost] [warning] [Decorations] CAPPING events from decorations provider vscode.git 327
[2021-05-14 09:40:33.611] [exthost] [warning] [Decorations] CAPPING events from decorations provider vscode.git 327
[2021-05-14 09:40:38.686] [exthost] [warning] [Decorations] CAPPING events from decorations provider vscode.git 327
[2021-05-14 09:40:43.758] [exthost] [warning] [Decorations] CAPPING events from decorations provider vscode.git 327
[2021-05-14 09:40:51.566] [exthost] [warning] [Decorations] CAPPING events from decorations provider vscode.git 327
[2021-05-14 09:40:56.655] [exthost] [warning] [Decorations] CAPPING events from decorations provider vscode.git 327
[2021-05-14 09:41:01.744] [exthost] [warning] [Decorations] CAPPING events from decorations provider vscode.git 327
[2021-05-14 09:41:06.825] [exthost] [warning] [Decorations] CAPPING events from decorations provider vscode.git 327
[2021-05-14 09:41:21.015] [exthost] [warning] [Decorations] CAPPING events from decorations provider vscode.git 327
[2021-05-14 09:41:26.094] [exthost] [warning] [Decorations] CAPPING events from decorations provider vscode.git 327
[2021-05-14 09:41:31.165] [exthost] [warning] [Decorations] CAPPING events from decorations provider vscode.git 327
[2021-05-14 09:41:36.232] [exthost] [warning] [Decorations] CAPPING events from decorations provider vscode.git 327
[2021-05-14 09:41:41.300] [exthost] [warning] [Decorations] CAPPING events from decorations provider vscode.git 327
[2021-05-14 09:41:46.367] [exthost] [warning] [Decorations] CAPPING events from decorations provider vscode.git 327
[2021-05-14 09:41:51.434] [exthost] [warning] [Decorations] CAPPING events from decorations provider vscode.git 327
[2021-05-14 09:41:56.508] [exthost] [warning] [Decorations] CAPPING events from decorations provider vscode.git 327
[2021-05-14 09:42:03.443] [exthost] [warning] [Decorations] CAPPING events from decorations provider vscode.git 327
[2021-05-14 09:42:11.479] [exthost] [warning] [Decorations] CAPPING events from decorations provider vscode.git 327
[2021-05-14 09:42:16.565] [exthost] [warning] [Decorations] CAPPING events from decorations provider vscode.git 327
[2021-05-14 09:42:21.639] [exthost] [warning] [Decorations] CAPPING events from decorations provider vscode.git 327
[2021-05-14 09:42:26.704] [exthost] [warning] [Decorations] CAPPING events from decorations provider vscode.git 327
[2021-05-14 09:42:47.733] [exthost] [warning] [Decorations] CAPPING events from decorations provider vscode.git 327
[2021-05-14 09:42:52.809] [exthost] [warning] [Decorations] CAPPING events from decorations provider vscode.git 327
[2021-05-14 09:42:57.880] [exthost] [warning] [Decorations] CAPPING events from decorations provider vscode.git 327
[2021-05-14 09:43:02.962] [exthost] [warning] [Decorations] CAPPING events from decorations provider vscode.git 327
[2021-05-14 09:43:32.977] [exthost] [warning] [Decorations] CAPPING events from decorations provider vscode.git 327
[2021-05-14 09:43:38.067] [exthost] [warning] [Decorations] CAPPING events from decorations provider vscode.git 327
[2021-05-14 09:43:43.146] [exthost] [warning] [Decorations] CAPPING events from decorations provider vscode.git 327
[2021-05-14 09:43:48.220] [exthost] [warning] [Decorations] CAPPING events from decorations provider vscode.git 327
[2021-05-14 09:43:53.313] [exthost] [warning] [Decorations] CAPPING events from decorations provider vscode.git 327
[2021-05-14 09:43:58.387] [exthost] [warning] [Decorations] CAPPING events from decorations provider vscode.git 327
[2021-05-14 09:44:14.236] [exthost] [warning] [Decorations] CAPPING events from decorations provider vscode.git 327
[2021-05-14 09:44:19.319] [exthost] [warning] [Decorations] CAPPING events from decorations provider vscode.git 327
[2021-05-14 09:44:24.380] [exthost] [warning] [Decorations] CAPPING events from decorations provider vscode.git 327
[2021-05-14 09:44:36.587] [exthost] [warning] [Decorations] CAPPING events from decorations provider vscode.git 327
[2021-05-14 09:44:41.669] [exthost] [warning] [Decorations] CAPPING events from decorations provider vscode.git 327
[2021-05-14 09:44:46.774] [exthost] [warning] [Decorations] CAPPING events from decorations provider vscode.git 327
[2021-05-14 09:45:15.276] [exthost] [warning] [Decorations] CAPPING events from decorations provider vscode.git 327
[2021-05-14 09:45:20.351] [exthost] [warning] [Decorations] CAPPING events from decorations provider vscode.git 327
[2021-05-14 09:45:25.422] [exthost] [warning] [Decorations] CAPPING events from decorations provider vscode.git 327
[2021-05-14 09:45:52.643] [exthost] [warning] [Decorations] CAPPING events from decorations provider vscode.git 327
[2021-05-14 09:45:57.740] [exthost] [warning] [Decorations] CAPPING events from decorations provider vscode.git 327
[2021-05-14 09:46:02.811] [exthost] [warning] [Decorations] CAPPING events from decorations provider vscode.git 327
[2021-05-14 09:46:07.889] [exthost] [warning] [Decorations] CAPPING events from decorations provider vscode.git 327
[2021-05-14 09:46:12.961] [exthost] [warning] [Decorations] CAPPING events from decorations provider vscode.git 327
[2021-05-14 09:46:18.050] [exthost] [warning] [Decorations] CAPPING events from decorations provider vscode.git 327
[2021-05-14 09:46:29.481] [exthost] [warning] [Decorations] CAPPING events from decorations provider vscode.git 327
[2021-05-14 09:46:34.552] [exthost] [warning] [Decorations] CAPPING events from decorations provider vscode.git 327
[2021-05-14 09:46:39.626] [exthost] [warning] [Decorations] CAPPING events from decorations provider vscode.git 327
[2021-05-14 09:46:44.701] [exthost] [warning] [Decorations] CAPPING events from decorations provider vscode.git 327
[2021-05-14 09:46:49.778] [exthost] [warning] [Decorations] CAPPING events from decorations provider vscode.git 327
[2021-05-14 09:46:54.849] [exthost] [warning] [Decorations] CAPPING events from decorations provider vscode.git 327
[2021-05-14 09:46:59.925] [exthost] [warning] [Decorations] CAPPING events from decorations provider vscode.git 327
[2021-05-14 09:47:05.000] [exthost] [warning] [Decorations] CAPPING events from decorations provider vscode.git 327
[2021-05-14 09:47:10.080] [exthost] [warning] [Decorations] CAPPING events from decorations provider vscode.git 327
[2021-05-14 09:47:15.244] [exthost] [warning] [Decorations] CAPPING events from decorations provider vscode.git 327
[2021-05-14 09:47:20.316] [exthost] [warning] [Decorations] CAPPING events from decorations provider vscode.git 327
[2021-05-14 09:47:25.388] [exthost] [warning] [Decorations] CAPPING events from decorations provider vscode.git 327
[2021-05-14 09:47:30.465] [exthost] [warning] [Decorations] CAPPING events from decorations provider vscode.git 327
[2021-05-14 09:47:35.555] [exthost] [warning] [Decorations] CAPPING events from decorations provider vscode.git 327
[2021-05-14 09:47:59.124] [exthost] [warning] [Decorations] CAPPING events from decorations provider vscode.git 327
[2021-05-14 09:48:04.207] [exthost] [warning] [Decorations] CAPPING events from decorations provider vscode.git 327
[2021-05-14 09:48:09.283] [exthost] [warning] [Decorations] CAPPING events from decorations provider vscode.git 327
[2021-05-14 09:48:14.357] [exthost] [warning] [Decorations] CAPPING events from decorations provider vscode.git 327
[2021-05-14 09:48:19.443] [exthost] [warning] [Decorations] CAPPING events from decorations provider vscode.git 327
[2021-05-14 09:48:24.510] [exthost] [warning] [Decorations] CAPPING events from decorations provider vscode.git 326
[2021-05-14 09:48:29.587] [exthost] [warning] [Decorations] CAPPING events from decorations provider vscode.git 326
[2021-05-14 09:48:34.664] [exthost] [warning] [Decorations] CAPPING events from decorations provider vscode.git 326
[2021-05-14 10:21:59.050] [exthost] [warning] [Decorations] CAPPING events from decorations provider vscode.git 327
[2021-05-14 10:22:04.128] [exthost] [warning] [Decorations] CAPPING events from decorations provider vscode.git 327
[2021-05-14 10:22:09.195] [exthost] [warning] [Decorations] CAPPING events from decorations provider vscode.git 327
[2021-05-14 10:22:14.268] [exthost] [warning] [Decorations] CAPPING events from decorations provider vscode.git 327
[2021-05-14 10:22:19.344] [exthost] [warning] [Decorations] CAPPING events from decorations provider vscode.git 327
[2021-05-14 10:22:24.435] [exthost] [warning] [Decorations] CAPPING events from decorations provider vscode.git 327
[2021-05-14 10:22:29.509] [exthost] [warning] [Decorations] CAPPING events from decorations provider vscode.git 327
[2021-05-14 10:22:34.584] [exthost] [warning] [Decorations] CAPPING events from decorations provider vscode.git 327
[2021-05-14 10:22:39.665] [exthost] [warning] [Decorations] CAPPING events from decorations provider vscode.git 327
[2021-05-14 10:22:44.834] [exthost] [warning] [Decorations] CAPPING events from decorations provider vscode.git 327
[2021-05-14 10:22:49.917] [exthost] [warning] [Decorations] CAPPING events from decorations provider vscode.git 327
[2021-05-14 10:22:54.991] [exthost] [warning] [Decorations] CAPPING events from decorations provider vscode.git 327
[2021-05-14 10:23:21.027] [exthost] [warning] [Decorations] CAPPING events from decorations provider vscode.git 327
[2021-05-14 10:23:26.120] [exthost] [warning] [Decorations] CAPPING events from decorations provider vscode.git 327
[2021-05-14 10:23:31.209] [exthost] [warning] [Decorations] CAPPING events from decorations provider vscode.git 327
[2021-05-14 10:23:36.294] [exthost] [warning] [Decorations] CAPPING events from decorations provider vscode.git 327
[2021-05-14 10:23:41.380] [exthost] [warning] [Decorations] CAPPING events from decorations provider vscode.git 327
[2021-05-14 10:23:46.507] [exthost] [warning] [Decorations] CAPPING events from decorations provider vscode.git 327
[2021-05-14 10:23:51.595] [exthost] [warning] [Decorations] CAPPING events from decorations provider vscode.git 327
[2021-05-14 10:23:56.686] [exthost] [warning] [Decorations] CAPPING events from decorations provider vscode.git 327
[2021-05-14 10:24:10.584] [exthost] [warning] [Decorations] CAPPING events from decorations provider vscode.git 327
[2021-05-14 10:24:15.659] [exthost] [warning] [Decorations] CAPPING events from decorations provider vscode.git 327
[2021-05-14 10:24:20.728] [exthost] [warning] [Decorations] CAPPING events from decorations provider vscode.git 327
[2021-05-14 10:25:48.103] [exthost] [warning] [Decorations] CAPPING events from decorations provider vscode.git 327
[2021-05-14 10:25:53.179] [exthost] [warning] [Decorations] CAPPING events from decorations provider vscode.git 327
[2021-05-14 10:25:58.249] [exthost] [warning] [Decorations] CAPPING events from decorations provider vscode.git 327
[2021-05-14 10:26:03.325] [exthost] [warning] [Decorations] CAPPING events from decorations provider vscode.git 327
[2021-05-14 10:26:14.665] [exthost] [warning] [Decorations] CAPPING events from decorations provider vscode.git 327
[2021-05-14 10:26:19.742] [exthost] [warning] [Decorations] CAPPING events from decorations provider vscode.git 327
[2021-05-14 10:26:25.699] [exthost] [warning] [Decorations] CAPPING events from decorations provider vscode.git 327
[2021-05-14 10:26:30.778] [exthost] [warning] [Decorations] CAPPING events from decorations provider vscode.git 327
[2021-05-14 10:26:35.861] [exthost] [warning] [Decorations] CAPPING events from decorations provider vscode.git 327
[2021-05-14 10:26:40.933] [exthost] [warning] [Decorations] CAPPING events from decorations provider vscode.git 327
[2021-05-14 10:26:45.992] [exthost] [warning] [Decorations] CAPPING events from decorations provider vscode.git 327
[2021-05-14 10:26:57.397] [exthost] [warning] [Decorations] CAPPING events from decorations provider vscode.git 327
[2021-05-14 10:27:02.474] [exthost] [warning] [Decorations] CAPPING events from decorations provider vscode.git 327
[2021-05-14 10:27:08.503] [exthost] [warning] [Decorations] CAPPING events from decorations provider vscode.git 327
[2021-05-14 10:27:13.582] [exthost] [warning] [Decorations] CAPPING events from decorations provider vscode.git 327
[2021-05-14 10:27:18.660] [exthost] [warning] [Decorations] CAPPING events from decorations provider vscode.git 327
[2021-05-14 10:27:23.738] [exthost] [warning] [Decorations] CAPPING events from decorations provider vscode.git 327
[2021-05-14 10:27:28.814] [exthost] [warning] [Decorations] CAPPING events from decorations provider vscode.git 327
[2021-05-14 10:27:33.893] [exthost] [warning] [Decorations] CAPPING events from decorations provider vscode.git 327
[2021-05-14 10:27:38.968] [exthost] [warning] [Decorations] CAPPING events from decorations provider vscode.git 327
[2021-05-14 10:27:53.505] [exthost] [warning] [Decorations] CAPPING events from decorations provider vscode.git 327
[2021-05-14 10:27:58.589] [exthost] [warning] [Decorations] CAPPING events from decorations provider vscode.git 327
[2021-05-14 10:28:03.689] [exthost] [warning] [Decorations] CAPPING events from decorations provider vscode.git 327
[2021-05-14 10:28:08.754] [exthost] [warning] [Decorations] CAPPING events from decorations provider vscode.git 327
[2021-05-14 10:28:19.725] [exthost] [warning] [Decorations] CAPPING events from decorations provider vscode.git 327
[2021-05-14 10:28:24.811] [exthost] [warning] [Decorations] CAPPING events from decorations provider vscode.git 327
[2021-05-14 10:28:29.885] [exthost] [warning] [Decorations] CAPPING events from decorations provider vscode.git 327
[2021-05-14 10:28:34.958] [exthost] [warning] [Decorations] CAPPING events from decorations provider vscode.git 327
[2021-05-14 10:28:40.037] [exthost] [warning] [Decorations] CAPPING events from decorations provider vscode.git 327
[2021-05-14 10:28:45.116] [exthost] [warning] [Decorations] CAPPING events from decorations provider vscode.git 327
[2021-05-14 10:28:50.191] [exthost] [warning] [Decorations] CAPPING events from decorations provider vscode.git 327
[2021-05-14 10:28:55.277] [exthost] [warning] [Decorations] CAPPING events from decorations provider vscode.git 327
[2021-05-14 10:29:00.369] [exthost] [warning] [Decorations] CAPPING events from decorations provider vscode.git 327
[2021-05-14 10:29:05.459] [exthost] [warning] [Decorations] CAPPING events from decorations provider vscode.git 327
[2021-05-14 10:29:10.545] [exthost] [warning] [Decorations] CAPPING events from decorations provider vscode.git 327
[2021-05-14 10:29:15.627] [exthost] [warning] [Decorations] CAPPING events from decorations provider vscode.git 327
[2021-05-14 10:29:22.341] [exthost] [warning] [Decorations] CAPPING events from decorations provider vscode.git 327
[2021-05-14 10:29:27.418] [exthost] [warning] [Decorations] CAPPING events from decorations provider vscode.git 327
[2021-05-14 10:29:32.492] [exthost] [warning] [Decorations] CAPPING events from decorations provider vscode.git 327
[2021-05-14 10:29:37.575] [exthost] [warning] [Decorations] CAPPING events from decorations provider vscode.git 327
[2021-05-14 10:29:42.672] [exthost] [warning] [Decorations] CAPPING events from decorations provider vscode.git 327
[2021-05-14 10:29:47.784] [exthost] [warning] [Decorations] CAPPING events from decorations provider vscode.git 327
[2021-05-14 10:29:52.867] [exthost] [warning] [Decorations] CAPPING events from decorations provider vscode.git 327
[2021-05-14 10:29:57.946] [exthost] [warning] [Decorations] CAPPING events from decorations provider vscode.git 327
[2021-05-14 10:30:04.819] [exthost] [warning] [Decorations] CAPPING events from decorations provider vscode.git 327
[2021-05-14 10:30:09.898] [exthost] [warning] [Decorations] CAPPING events from decorations provider vscode.git 327
[2021-05-14 10:30:14.974] [exthost] [warning] [Decorations] CAPPING events from decorations provider vscode.git 327
[2021-05-14 10:30:20.050] [exthost] [warning] [Decorations] CAPPING events from decorations provider vscode.git 327
[2021-05-14 10:30:32.063] [exthost] [warning] [Decorations] CAPPING events from decorations provider vscode.git 327
[2021-05-14 10:30:37.143] [exthost] [warning] [Decorations] CAPPING events from decorations provider vscode.git 327
[2021-05-14 10:30:42.221] [exthost] [warning] [Decorations] CAPPING events from decorations provider vscode.git 327
[2021-05-14 10:30:47.296] [exthost] [warning] [Decorations] CAPPING events from decorations provider vscode.git 327
[2021-05-14 10:31:38.654] [exthost] [warning] [Decorations] CAPPING events from decorations provider vscode.git 327
[2021-05-14 10:31:43.730] [exthost] [warning] [Decorations] CAPPING events from decorations provider vscode.git 327
[2021-05-14 10:31:48.799] [exthost] [warning] [Decorations] CAPPING events from decorations provider vscode.git 327
[2021-05-14 10:31:53.865] [exthost] [warning] [Decorations] CAPPING events from decorations provider vscode.git 328
[2021-05-14 10:31:58.944] [exthost] [warning] [Decorations] CAPPING events from decorations provider vscode.git 328
[2021-05-14 10:32:04.033] [exthost] [warning] [Decorations] CAPPING events from decorations provider vscode.git 327
[2021-05-14 10:33:24.625] [exthost] [warning] [Decorations] CAPPING events from decorations provider vscode.git 327
[2021-05-14 10:33:29.704] [exthost] [warning] [Decorations] CAPPING events from decorations provider vscode.git 327
[2021-05-14 10:33:34.780] [exthost] [warning] [Decorations] CAPPING events from decorations provider vscode.git 327
[2021-05-14 10:33:39.850] [exthost] [warning] [Decorations] CAPPING events from decorations provider vscode.git 327
[2021-05-14 10:33:44.923] [exthost] [warning] [Decorations] CAPPING events from decorations provider vscode.git 328
[2021-05-14 10:33:50.002] [exthost] [warning] [Decorations] CAPPING events from decorations provider vscode.git 328
[2021-05-14 10:33:55.087] [exthost] [warning] [Decorations] CAPPING events from decorations provider vscode.git 327
[2021-05-14 10:34:00.164] [exthost] [warning] [Decorations] CAPPING events from decorations provider vscode.git 327
[2021-05-14 10:34:05.246] [exthost] [warning] [Decorations] CAPPING events from decorations provider vscode.git 327
[2021-05-14 10:34:10.317] [exthost] [warning] [Decorations] CAPPING events from decorations provider vscode.git 327
[2021-05-14 10:34:15.394] [exthost] [warning] [Decorations] CAPPING events from decorations provider vscode.git 327
[2021-05-14 10:34:20.481] [exthost] [warning] [Decorations] CAPPING events from decorations provider vscode.git 327
[2021-05-14 10:34:25.559] [exthost] [warning] [Decorations] CAPPING events from decorations provider vscode.git 327
[2021-05-14 10:34:30.637] [exthost] [warning] [Decorations] CAPPING events from decorations provider vscode.git 327
[2021-05-14 10:34:35.719] [exthost] [warning] [Decorations] CAPPING events from decorations provider vscode.git 327
[2021-05-14 10:34:40.803] [exthost] [warning] [Decorations] CAPPING events from decorations provider vscode.git 327
[2021-05-14 10:34:45.889] [exthost] [warning] [Decorations] CAPPING events from decorations provider vscode.git 327
[2021-05-14 10:35:01.028] [exthost] [warning] [Decorations] CAPPING events from decorations provider vscode.git 327
[2021-05-14 10:35:06.101] [exthost] [warning] [Decorations] CAPPING events from decorations provider vscode.git 327
[2021-05-14 10:35:11.172] [exthost] [warning] [Decorations] CAPPING events from decorations provider vscode.git 327
[2021-05-14 10:35:34.022] [exthost] [warning] [Decorations] CAPPING events from decorations provider vscode.git 327
[2021-05-14 10:35:39.092] [exthost] [warning] [Decorations] CAPPING events from decorations provider vscode.git 327
[2021-05-14 10:35:44.159] [exthost] [warning] [Decorations] CAPPING events from decorations provider vscode.git 327
[2021-05-14 10:35:49.240] [exthost] [warning] [Decorations] CAPPING events from decorations provider vscode.git 327
[2021-05-14 10:35:54.305] [exthost] [warning] [Decorations] CAPPING events from decorations provider vscode.git 327
[2021-05-14 10:36:03.719] [exthost] [warning] [Decorations] CAPPING events from decorations provider vscode.git 327
[2021-05-14 10:36:08.801] [exthost] [warning] [Decorations] CAPPING events from decorations provider vscode.git 327
[2021-05-14 10:36:13.881] [exthost] [warning] [Decorations] CAPPING events from decorations provider vscode.git 327
[2021-05-14 10:36:38.156] [exthost] [warning] [Decorations] CAPPING events from decorations provider vscode.git 327
[2021-05-14 10:36:43.218] [exthost] [warning] [Decorations] CAPPING events from decorations provider vscode.git 327
[2021-05-14 10:36:48.284] [exthost] [warning] [Decorations] CAPPING events from decorations provider vscode.git 327
[2021-05-14 10:36:53.359] [exthost] [warning] [Decorations] CAPPING events from decorations provider vscode.git 327
[2021-05-14 10:36:58.437] [exthost] [warning] [Decorations] CAPPING events from decorations provider vscode.git 327
[2021-05-14 10:37:04.248] [exthost] [warning] [Decorations] CAPPING events from decorations provider vscode.git 327
[2021-05-14 10:37:09.326] [exthost] [warning] [Decorations] CAPPING events from decorations provider vscode.git 327
